2018-07-06 17:16 +08:00: [0mGET /page/MessageConfig.html [36m304 [0m0.362 ms - -[0m
2018-07-06 17:16 +08:00: [0mGET /lib/mui/mui.min.css [36m304 [0m0.701 ms - -[0m
2018-07-06 17:16 +08:00: [0mGET /lib/mui/mui.min.js [36m304 [0m0.725 ms - -[0m
2018-07-06 17:16 +08:00: [0mGET /images/bg.png [36m304 [0m0.348 ms - -[0m
2018-07-06 17:16 +08:00: [0mPOST /readJson [32m200 [0m0.951 ms - 842[0m
2018-07-06 17:44 +08:00: [0mGET /page/MessageConfig.html [36m304 [0m5.870 ms - -[0m
2018-07-06 17:44 +08:00: [0mGET /page/MessageConfig.html [32m200 [0m3.323 ms - 17926[0m
2018-07-06 17:44 +08:00: [0mGET /lib/mui/mui.min.css [36m304 [0m0.537 ms - -[0m
2018-07-06 17:44 +08:00: [0mGET /lib/mui/mui.min.js [36m304 [0m0.614 ms - -[0m
2018-07-06 17:44 +08:00: [0mGET /images/bg.png [36m304 [0m0.339 ms - -[0m
2018-07-06 17:44 +08:00: [0mPOST /readJson [32m200 [0m4.441 ms - 842[0m
2018-07-06 17:45 +08:00: [0mGET /favicon.ico [33m404 [0m281.139 ms - 1102[0m
2018-07-06 17:45 +08:00: [0mGET /page/MessageShowByPlane.html [32m200 [0m0.941 ms - 4427[0m
2018-07-06 17:45 +08:00: [0mGET /lib/mui/icons-extra.css [32m200 [0m2.415 ms - 2882[0m
2018-07-06 17:45 +08:00: [0mGET /css/messageShowByPlane.css [32m200 [0m2.478 ms - 2471[0m
2018-07-06 17:45 +08:00: [0mGET /lib/mui/mui.css [32m200 [0m2.854 ms - 102491[0m
2018-07-06 17:45 +08:00: [0mGET /lib/mui/mui.js [32m200 [0m2.593 ms - 266041[0m
2018-07-06 17:45 +08:00: [0mGET /public/public.js [32m200 [0m1.828 ms - 15089[0m
2018-07-06 17:45 +08:00: [0mGET /js/MessageShowByPlane.js [32m200 [0m2.225 ms - 3128[0m
2018-07-06 17:45 +08:00: [0mGET /lib/jquery/jquery.min.js [32m200 [0m1.657 ms - 86663[0m
2018-07-06 17:45 +08:00: [0mGET /images/logo.png [32m200 [0m2.778 ms - 20070[0m
2018-07-06 17:45 +08:00: [0mGET /images/double_arrow_down.png [32m200 [0m3.453 ms - 8164[0m
2018-07-06 17:45 +08:00: [0mGET /images/card_bg.png [32m200 [0m0.730 ms - 471694[0m
2018-07-06 17:45 +08:00: [0mPOST /readJson [32m200 [0m0.833 ms - 842[0m
2018-07-06 17:55 +08:00: [0mGET /page/MessageShowByPlane.html [36m304 [0m0.633 ms - -[0m
2018-07-06 17:55 +08:00: [0mGET /lib/mui/mui.css [36m304 [0m0.482 ms - -[0m
2018-07-06 17:55 +08:00: [0mGET /lib/mui/icons-extra.css [36m304 [0m0.893 ms - -[0m
2018-07-06 17:55 +08:00: [0mGET /css/messageShowByPlane.css [36m304 [0m0.927 ms - -[0m
2018-07-06 17:55 +08:00: [0mGET /lib/mui/mui.js [36m304 [0m1.608 ms - -[0m
2018-07-06 17:55 +08:00: [0mGET /images/logo.png [36m304 [0m0.902 ms - -[0m
2018-07-06 17:55 +08:00: [0mGET /images/double_arrow_down.png [36m304 [0m0.873 ms - -[0m
2018-07-06 17:55 +08:00: [0mGET /lib/jquery/jquery.min.js [36m304 [0m0.647 ms - -[0m
2018-07-06 17:55 +08:00: [0mGET /public/public.js [36m304 [0m0.391 ms - -[0m
2018-07-06 17:55 +08:00: [0mGET /js/MessageShowByPlane.js [36m304 [0m0.432 ms - -[0m
2018-07-06 17:55 +08:00: [0mGET /images/card_bg.png [36m304 [0m0.360 ms - -[0m
2018-07-06 17:55 +08:00: [0mPOST /readJson [32m200 [0m0.791 ms - 842[0m
2018-07-06 18:14 +08:00: [0mGET /page/MessageShowByPlane.html [32m200 [0m0.984 ms - 4365[0m
2018-07-06 18:14 +08:00: [0mGET /lib/mui/mui.css [36m304 [0m0.402 ms - -[0m
2018-07-06 18:14 +08:00: [0mGET /lib/mui/icons-extra.css [36m304 [0m0.464 ms - -[0m
2018-07-06 18:14 +08:00: [0mGET /css/messageShowByPlane.css [32m200 [0m0.683 ms - 2297[0m
2018-07-06 18:14 +08:00: [0mGET /lib/mui/mui.js [36m304 [0m0.312 ms - -[0m
2018-07-06 18:14 +08:00: [0mGET /lib/jquery/jquery.min.js [36m304 [0m0.777 ms - -[0m
2018-07-06 18:14 +08:00: [0mGET /public/public.js [36m304 [0m0.738 ms - -[0m
2018-07-06 18:14 +08:00: [0mGET /js/MessageShowByPlane.js [36m304 [0m1.226 ms - -[0m
2018-07-06 18:14 +08:00: [0mGET /images/logo.png [36m304 [0m0.964 ms - -[0m
2018-07-06 18:14 +08:00: [0mGET /images/double_arrow_down.png [36m304 [0m1.111 ms - -[0m
2018-07-06 18:14 +08:00: [0mPOST /readJson [32m200 [0m0.589 ms - 842[0m
2018-07-06 18:14 +08:00: [0mGET /images/card_bg.png [36m304 [0m0.835 ms - -[0m
